PowerPlay Power Analyzer report for Universal
Wed Nov  9 19:52:23 2016
Quartus II Version 11.0 Build 208 07/03/2011 Service Pack 1 SJ Web Edition


---------------------
; Table of Contents ;
---------------------
  1. Legal Notice
  2. PowerPlay Power Analyzer Summary
  3. PowerPlay Power Analyzer Settings
  4. Indeterminate Toggle Rates
  5. Thermal Power Dissipation by Block
  6. Thermal Power Dissipation by Block Type
  7. Thermal Power Dissipation by Hierarchy
  8. Core Dynamic Thermal Power Dissipation by Clock Domain
  9. Confidence Metric Details
 10. Signal Activities
 11. PowerPlay Power Analyzer Messages



----------------
; Legal Notice ;
----------------
Copyright (C) 1991-2011 Altera Corporation
Your use of Altera Corporation's design tools, logic functions 
and other software and tools, and its AMPP partner logic 
functions, and any output files from any of the foregoing 
(including device programming or simulation files), and any 
associated documentation or information are expressly subject 
to the terms and conditions of the Altera Program License 
Subscription Agreement, Altera MegaCore Function License 
Agreement, or other applicable license agreement, including, 
without limitation, that your use is for the sole purpose of 
programming logic devices manufactured by Altera and sold by 
Altera or its authorized distributors.  Please refer to the 
applicable agreement for further details.



+-------------------------------------------------------------------------------------------+
; PowerPlay Power Analyzer Summary                                                          ;
+----------------------------------------+--------------------------------------------------+
; PowerPlay Power Analyzer Status        ; Successful - Wed Nov  9 19:52:23 2016            ;
; Quartus II Version                     ; 11.0 Build 208 07/03/2011 SP 1 SJ Web Edition    ;
; Revision Name                          ; Universal                                        ;
; Top-level Entity Name                  ; univ                                             ;
; Family                                 ; Cyclone                                          ;
; Device                                 ; EP1C3T144A8                                      ;
; Power Models                           ; Final                                            ;
; Total Thermal Power Dissipation        ; 112.94 mW                                        ;
; Core Dynamic Thermal Power Dissipation ; 4.96 mW                                          ;
; Core Static Thermal Power Dissipation  ; 93.00 mW                                         ;
; I/O Thermal Power Dissipation          ; 14.98 mW                                         ;
; Power Estimation Confidence            ; Low: user provided insufficient toggle rate data ;
+----------------------------------------+--------------------------------------------------+


+------------------------------------------------------------------------------------------------------+
; PowerPlay Power Analyzer Settings                                                                    ;
+----------------------------------------------------------------------------+---------+---------------+
; Option                                                                     ; Setting ; Default Value ;
+----------------------------------------------------------------------------+---------+---------------+
; Use smart compilation                                                      ; On      ; Off           ;
; Enable parallel Assembler and TimeQuest Timing Analyzer during compilation ; On      ; On            ;
; Enable compact report table                                                ; Off     ; Off           ;
; Default Power Toggle Rate                                                  ; 12.5%   ; 12.5%         ;
; Default Power Input I/O Toggle Rate                                        ; 12.5%   ; 12.5%         ;
; Use Input Files                                                            ; Off     ; Off           ;
; Filter Glitches in VCD File Reader                                         ; On      ; On            ;
; Power Analyzer Report Signal Activity                                      ; Off     ; Off           ;
; Power Analyzer Report Power Dissipation                                    ; Off     ; Off           ;
; Use vectorless estimation                                                  ; Off     ;               ;
+----------------------------------------------------------------------------+---------+---------------+


+-------------------------------------------+
; Indeterminate Toggle Rates                ;
+-------------+-----------------------------+
; Node        ; Reason                      ;
+-------------+-----------------------------+
; clk_fx      ; No valid clock domain found ;
; reg_data[6] ; No valid clock domain found ;
; reg_data[7] ; No valid clock domain found ;
; reg_rd      ; No valid clock domain found ;
; ctl_fx[3]   ; No valid clock domain found ;
; ctl_fx[0]   ; No valid clock domain found ;
; addr_fx[8]  ; No valid clock domain found ;
; ctl_fx[4]   ; No valid clock domain found ;
; addr_fx[6]  ; No valid clock domain found ;
; addr_fx[3]  ; No valid clock domain found ;
; addr_fx[2]  ; No valid clock domain found ;
; addr_fx[7]  ; No valid clock domain found ;
; addr_fx[4]  ; No valid clock domain found ;
; addr_fx[1]  ; No valid clock domain found ;
; addr_fx[0]  ; No valid clock domain found ;
; addr_fx[5]  ; No valid clock domain found ;
; ctl_fx[2]   ; No valid clock domain found ;
; ctl_fx[1]   ; No valid clock domain found ;
; data_dir    ; No valid clock domain found ;
+-------------+-----------------------------+


+--------------------------------------------------------------------------------------------------------------------+
; Thermal Power Dissipation by Block                                                                                 ;
+------------+------------+---------------------+---------------------------------------+----------------------------+
; Block Name ; Block Type ; Total Thermal Power ; Block & Routing Thermal Dynamic Power ; Block Thermal Static Power ;
+------------+------------+---------------------+---------------------------------------+----------------------------+
(1) The "Thermal Power Dissipation by Block" Table has been hidden. To show this table, please select the "Write power dissipation by block to report file" option under "PowerPlay Power Analyzer Settings".


+---------------------------------------------------------------------------------------------------------------------------------------------------------------------------------+
; Thermal Power Dissipation by Block Type                                                                                                                                         ;
+------------+-----------------------------------+---------------------------------------+----------------------------+-----------------------------------------------------------+
; Block Type ; Total Thermal Power by Block Type ; Block & Routing Thermal Dynamic Power ; Block Thermal Static Power ; Block Average Toggle Rate (millions of transitions / sec) ;
+------------+-----------------------------------+---------------------------------------+----------------------------+-----------------------------------------------------------+
; Logic cell ; 4.96 mW                           ; 4.96 mW                               ; --                         ;    2.155                                                  ;
; I/O        ; 14.98 mW                          ; 14.95 mW                              ; 0.04 mW                    ;    2.110                                                  ;
+------------+-----------------------------------+---------------------------------------+----------------------------+-----------------------------------------------------------+
(1) The "Block Thermal Static Power" for all block types except Pins and the Voltage Regulator, if one exists, is part of the "Core Static Thermal Power Dissipation" value found on the PowerPlay Power Analyzer-->Summary report panel. The "Core Static Thermal Power Dissipation" also contains the thermal static power dissipated by the routing.


+------------------------------------------------------------------------------------------------------------------------------------------------------------------------------------------------------------------------+
; Thermal Power Dissipation by Hierarchy                                                                                                                                                                                 ;
+-------------------------------------------------+--------------------------------------+-------------------------------------------+--------------------------------+--------------------------------------------------+
; Compilation Hierarchy Node                      ; Total Thermal Power by Hierarchy (1) ; Block & Routing Thermal Dynamic Power (1) ; Block Thermal Static Power (1) ; Full Hierarchy Name                              ;
+-------------------------------------------------+--------------------------------------+-------------------------------------------+--------------------------------+--------------------------------------------------+
; |univ                                           ; 19.94 mW (15.24 mW)                  ; 19.91 mW (15.20 mW)                       ; 0.04 mW (0.04 mW)              ; |univ                                            ;
;     |DATA_FX_IO:\GEN_DATA_FX_IO:0:DATA_FX_IO_X  ; 0.09 mW (0.09 mW)                    ; 0.09 mW (0.09 mW)                         ; --                             ; |univ|DATA_FX_IO:\GEN_DATA_FX_IO:0:DATA_FX_IO_X  ;
;     |DATA_FX_IO:\GEN_DATA_FX_IO:1:DATA_FX_IO_X  ; 0.09 mW (0.09 mW)                    ; 0.09 mW (0.09 mW)                         ; --                             ; |univ|DATA_FX_IO:\GEN_DATA_FX_IO:1:DATA_FX_IO_X  ;
;     |DATA_FX_IO:\GEN_DATA_FX_IO:2:DATA_FX_IO_X  ; 0.09 mW (0.09 mW)                    ; 0.09 mW (0.09 mW)                         ; --                             ; |univ|DATA_FX_IO:\GEN_DATA_FX_IO:2:DATA_FX_IO_X  ;
;     |DATA_FX_IO:\GEN_DATA_FX_IO:3:DATA_FX_IO_X  ; 0.09 mW (0.09 mW)                    ; 0.09 mW (0.09 mW)                         ; --                             ; |univ|DATA_FX_IO:\GEN_DATA_FX_IO:3:DATA_FX_IO_X  ;
;     |DATA_FX_IO:\GEN_DATA_FX_IO:4:DATA_FX_IO_X  ; 0.09 mW (0.09 mW)                    ; 0.09 mW (0.09 mW)                         ; --                             ; |univ|DATA_FX_IO:\GEN_DATA_FX_IO:4:DATA_FX_IO_X  ;
;     |DATA_FX_IO:\GEN_DATA_FX_IO:5:DATA_FX_IO_X  ; 0.09 mW (0.09 mW)                    ; 0.09 mW (0.09 mW)                         ; --                             ; |univ|DATA_FX_IO:\GEN_DATA_FX_IO:5:DATA_FX_IO_X  ;
;     |DATA_FX_IO:\GEN_DATA_FX_IO:6:DATA_FX_IO_X  ; 0.09 mW (0.09 mW)                    ; 0.09 mW (0.09 mW)                         ; --                             ; |univ|DATA_FX_IO:\GEN_DATA_FX_IO:6:DATA_FX_IO_X  ;
;     |DATA_FX_IO:\GEN_DATA_FX_IO:7:DATA_FX_IO_X  ; 0.09 mW (0.09 mW)                    ; 0.09 mW (0.09 mW)                         ; --                             ; |univ|DATA_FX_IO:\GEN_DATA_FX_IO:7:DATA_FX_IO_X  ;
;     |DATA_FX_IO:\GEN_DATA_FX_IO:8:DATA_FX_IO_X  ; 0.09 mW (0.09 mW)                    ; 0.09 mW (0.09 mW)                         ; --                             ; |univ|DATA_FX_IO:\GEN_DATA_FX_IO:8:DATA_FX_IO_X  ;
;     |DATA_FX_IO:\GEN_DATA_FX_IO:9:DATA_FX_IO_X  ; 0.09 mW (0.09 mW)                    ; 0.09 mW (0.09 mW)                         ; --                             ; |univ|DATA_FX_IO:\GEN_DATA_FX_IO:9:DATA_FX_IO_X  ;
;     |DATA_FX_IO:\GEN_DATA_FX_IO:10:DATA_FX_IO_X ; 0.09 mW (0.09 mW)                    ; 0.09 mW (0.09 mW)                         ; --                             ; |univ|DATA_FX_IO:\GEN_DATA_FX_IO:10:DATA_FX_IO_X ;
;     |DATA_FX_IO:\GEN_DATA_FX_IO:11:DATA_FX_IO_X ; 0.09 mW (0.09 mW)                    ; 0.09 mW (0.09 mW)                         ; --                             ; |univ|DATA_FX_IO:\GEN_DATA_FX_IO:11:DATA_FX_IO_X ;
;     |DATA_FX_IO:\GEN_DATA_FX_IO:12:DATA_FX_IO_X ; 0.09 mW (0.09 mW)                    ; 0.09 mW (0.09 mW)                         ; --                             ; |univ|DATA_FX_IO:\GEN_DATA_FX_IO:12:DATA_FX_IO_X ;
;     |DATA_FX_IO:\GEN_DATA_FX_IO:13:DATA_FX_IO_X ; 0.09 mW (0.09 mW)                    ; 0.09 mW (0.09 mW)                         ; --                             ; |univ|DATA_FX_IO:\GEN_DATA_FX_IO:13:DATA_FX_IO_X ;
;     |DATA_FX_IO:\GEN_DATA_FX_IO:14:DATA_FX_IO_X ; 0.09 mW (0.09 mW)                    ; 0.09 mW (0.09 mW)                         ; --                             ; |univ|DATA_FX_IO:\GEN_DATA_FX_IO:14:DATA_FX_IO_X ;
;     |DATA_FX_IO:\GEN_DATA_FX_IO:15:DATA_FX_IO_X ; 0.09 mW (0.09 mW)                    ; 0.09 mW (0.09 mW)                         ; --                             ; |univ|DATA_FX_IO:\GEN_DATA_FX_IO:15:DATA_FX_IO_X ;
;     |MEM_IO:\GEN_MEM_IO:0:MEM_IO_X              ; 0.06 mW (0.06 mW)                    ; 0.06 mW (0.06 mW)                         ; --                             ; |univ|MEM_IO:\GEN_MEM_IO:0:MEM_IO_X              ;
;     |MEM_IO:\GEN_MEM_IO:1:MEM_IO_X              ; 0.06 mW (0.06 mW)                    ; 0.06 mW (0.06 mW)                         ; --                             ; |univ|MEM_IO:\GEN_MEM_IO:1:MEM_IO_X              ;
;     |MEM_IO:\GEN_MEM_IO:2:MEM_IO_X              ; 0.06 mW (0.06 mW)                    ; 0.06 mW (0.06 mW)                         ; --                             ; |univ|MEM_IO:\GEN_MEM_IO:2:MEM_IO_X              ;
;     |MEM_IO:\GEN_MEM_IO:3:MEM_IO_X              ; 0.06 mW (0.06 mW)                    ; 0.06 mW (0.06 mW)                         ; --                             ; |univ|MEM_IO:\GEN_MEM_IO:3:MEM_IO_X              ;
;     |MEM_IO:\GEN_MEM_IO:4:MEM_IO_X              ; 0.06 mW (0.06 mW)                    ; 0.06 mW (0.06 mW)                         ; --                             ; |univ|MEM_IO:\GEN_MEM_IO:4:MEM_IO_X              ;
;     |MEM_IO:\GEN_MEM_IO:5:MEM_IO_X              ; 0.06 mW (0.06 mW)                    ; 0.06 mW (0.06 mW)                         ; --                             ; |univ|MEM_IO:\GEN_MEM_IO:5:MEM_IO_X              ;
;     |MEM_IO:\GEN_MEM_IO:6:MEM_IO_X              ; 0.06 mW (0.06 mW)                    ; 0.06 mW (0.06 mW)                         ; --                             ; |univ|MEM_IO:\GEN_MEM_IO:6:MEM_IO_X              ;
;     |MEM_IO:\GEN_MEM_IO:7:MEM_IO_X              ; 0.06 mW (0.06 mW)                    ; 0.06 mW (0.06 mW)                         ; --                             ; |univ|MEM_IO:\GEN_MEM_IO:7:MEM_IO_X              ;
;     |MEM_IO:\GEN_MEM_IO:8:MEM_IO_X              ; 0.06 mW (0.06 mW)                    ; 0.06 mW (0.06 mW)                         ; --                             ; |univ|MEM_IO:\GEN_MEM_IO:8:MEM_IO_X              ;
;     |MEM_IO:\GEN_MEM_IO:9:MEM_IO_X              ; 0.06 mW (0.06 mW)                    ; 0.06 mW (0.06 mW)                         ; --                             ; |univ|MEM_IO:\GEN_MEM_IO:9:MEM_IO_X              ;
;     |MEM_IO:\GEN_MEM_IO:10:MEM_IO_X             ; 0.06 mW (0.06 mW)                    ; 0.06 mW (0.06 mW)                         ; --                             ; |univ|MEM_IO:\GEN_MEM_IO:10:MEM_IO_X             ;
;     |MEM_IO:\GEN_MEM_IO:11:MEM_IO_X             ; 0.06 mW (0.06 mW)                    ; 0.06 mW (0.06 mW)                         ; --                             ; |univ|MEM_IO:\GEN_MEM_IO:11:MEM_IO_X             ;
;     |MEM_IO:\GEN_MEM_IO:12:MEM_IO_X             ; 0.06 mW (0.06 mW)                    ; 0.06 mW (0.06 mW)                         ; --                             ; |univ|MEM_IO:\GEN_MEM_IO:12:MEM_IO_X             ;
;     |MEM_IO:\GEN_MEM_IO:13:MEM_IO_X             ; 0.06 mW (0.06 mW)                    ; 0.06 mW (0.06 mW)                         ; --                             ; |univ|MEM_IO:\GEN_MEM_IO:13:MEM_IO_X             ;
;     |MEM_IO:\GEN_MEM_IO:14:MEM_IO_X             ; 0.06 mW (0.06 mW)                    ; 0.06 mW (0.06 mW)                         ; --                             ; |univ|MEM_IO:\GEN_MEM_IO:14:MEM_IO_X             ;
;     |MEM_IO:\GEN_MEM_IO:15:MEM_IO_X             ; 0.06 mW (0.06 mW)                    ; 0.06 mW (0.06 mW)                         ; --                             ; |univ|MEM_IO:\GEN_MEM_IO:15:MEM_IO_X             ;
;     |MEM_IO:\GEN_MEM_IO:16:MEM_IO_X             ; 0.06 mW (0.06 mW)                    ; 0.06 mW (0.06 mW)                         ; --                             ; |univ|MEM_IO:\GEN_MEM_IO:16:MEM_IO_X             ;
;     |MEM_IO:\GEN_MEM_IO:17:MEM_IO_X             ; 0.06 mW (0.06 mW)                    ; 0.06 mW (0.06 mW)                         ; --                             ; |univ|MEM_IO:\GEN_MEM_IO:17:MEM_IO_X             ;
;     |MEM_IO:\GEN_MEM_IO:18:MEM_IO_X             ; 0.06 mW (0.06 mW)                    ; 0.06 mW (0.06 mW)                         ; --                             ; |univ|MEM_IO:\GEN_MEM_IO:18:MEM_IO_X             ;
;     |MEM_IO:\GEN_MEM_IO:19:MEM_IO_X             ; 0.06 mW (0.06 mW)                    ; 0.06 mW (0.06 mW)                         ; --                             ; |univ|MEM_IO:\GEN_MEM_IO:19:MEM_IO_X             ;
;     |MEM_IO:\GEN_MEM_IO:20:MEM_IO_X             ; 0.06 mW (0.06 mW)                    ; 0.06 mW (0.06 mW)                         ; --                             ; |univ|MEM_IO:\GEN_MEM_IO:20:MEM_IO_X             ;
;     |MEM_IO:\GEN_MEM_IO:21:MEM_IO_X             ; 0.06 mW (0.06 mW)                    ; 0.06 mW (0.06 mW)                         ; --                             ; |univ|MEM_IO:\GEN_MEM_IO:21:MEM_IO_X             ;
;     |MEM_IO:\GEN_MEM_IO:22:MEM_IO_X             ; 0.06 mW (0.06 mW)                    ; 0.06 mW (0.06 mW)                         ; --                             ; |univ|MEM_IO:\GEN_MEM_IO:22:MEM_IO_X             ;
;     |MEM_IO:\GEN_MEM_IO:23:MEM_IO_X             ; 0.06 mW (0.06 mW)                    ; 0.06 mW (0.06 mW)                         ; --                             ; |univ|MEM_IO:\GEN_MEM_IO:23:MEM_IO_X             ;
;     |MEM_IO:\GEN_MEM_IO:24:MEM_IO_X             ; 0.06 mW (0.06 mW)                    ; 0.06 mW (0.06 mW)                         ; --                             ; |univ|MEM_IO:\GEN_MEM_IO:24:MEM_IO_X             ;
;     |MEM_IO:\GEN_MEM_IO:25:MEM_IO_X             ; 0.06 mW (0.06 mW)                    ; 0.06 mW (0.06 mW)                         ; --                             ; |univ|MEM_IO:\GEN_MEM_IO:25:MEM_IO_X             ;
;     |MEM_IO:\GEN_MEM_IO:26:MEM_IO_X             ; 0.06 mW (0.06 mW)                    ; 0.06 mW (0.06 mW)                         ; --                             ; |univ|MEM_IO:\GEN_MEM_IO:26:MEM_IO_X             ;
;     |MEM_IO:\GEN_MEM_IO:27:MEM_IO_X             ; 0.06 mW (0.06 mW)                    ; 0.06 mW (0.06 mW)                         ; --                             ; |univ|MEM_IO:\GEN_MEM_IO:27:MEM_IO_X             ;
;     |MEM_IO:\GEN_MEM_IO:28:MEM_IO_X             ; 0.06 mW (0.06 mW)                    ; 0.06 mW (0.06 mW)                         ; --                             ; |univ|MEM_IO:\GEN_MEM_IO:28:MEM_IO_X             ;
;     |MEM_IO:\GEN_MEM_IO:29:MEM_IO_X             ; 0.06 mW (0.06 mW)                    ; 0.06 mW (0.06 mW)                         ; --                             ; |univ|MEM_IO:\GEN_MEM_IO:29:MEM_IO_X             ;
;     |MEM_IO:\GEN_MEM_IO:30:MEM_IO_X             ; 0.06 mW (0.06 mW)                    ; 0.06 mW (0.06 mW)                         ; --                             ; |univ|MEM_IO:\GEN_MEM_IO:30:MEM_IO_X             ;
;     |MEM_IO:\GEN_MEM_IO:31:MEM_IO_X             ; 0.06 mW (0.06 mW)                    ; 0.06 mW (0.06 mW)                         ; --                             ; |univ|MEM_IO:\GEN_MEM_IO:31:MEM_IO_X             ;
;     |MEM_IO:\GEN_MEM_IO:32:MEM_IO_X             ; 0.06 mW (0.06 mW)                    ; 0.06 mW (0.06 mW)                         ; --                             ; |univ|MEM_IO:\GEN_MEM_IO:32:MEM_IO_X             ;
;     |MEM_IO:\GEN_MEM_IO:33:MEM_IO_X             ; 0.06 mW (0.06 mW)                    ; 0.06 mW (0.06 mW)                         ; --                             ; |univ|MEM_IO:\GEN_MEM_IO:33:MEM_IO_X             ;
;     |MEM_IO:\GEN_MEM_IO:34:MEM_IO_X             ; 0.06 mW (0.06 mW)                    ; 0.06 mW (0.06 mW)                         ; --                             ; |univ|MEM_IO:\GEN_MEM_IO:34:MEM_IO_X             ;
;     |MEM_IO:\GEN_MEM_IO:35:MEM_IO_X             ; 0.06 mW (0.06 mW)                    ; 0.06 mW (0.06 mW)                         ; --                             ; |univ|MEM_IO:\GEN_MEM_IO:35:MEM_IO_X             ;
;     |MEM_IO:\GEN_MEM_IO:36:MEM_IO_X             ; 0.06 mW (0.06 mW)                    ; 0.06 mW (0.06 mW)                         ; --                             ; |univ|MEM_IO:\GEN_MEM_IO:36:MEM_IO_X             ;
;     |MEM_IO:\GEN_MEM_IO:37:MEM_IO_X             ; 0.06 mW (0.06 mW)                    ; 0.06 mW (0.06 mW)                         ; --                             ; |univ|MEM_IO:\GEN_MEM_IO:37:MEM_IO_X             ;
;     |MEM_IO:\GEN_MEM_IO:38:MEM_IO_X             ; 0.06 mW (0.06 mW)                    ; 0.06 mW (0.06 mW)                         ; --                             ; |univ|MEM_IO:\GEN_MEM_IO:38:MEM_IO_X             ;
;     |MEM_IO:\GEN_MEM_IO:39:MEM_IO_X             ; 0.06 mW (0.06 mW)                    ; 0.06 mW (0.06 mW)                         ; --                             ; |univ|MEM_IO:\GEN_MEM_IO:39:MEM_IO_X             ;
;     |MEM_IO:\GEN_MEM_IO:40:MEM_IO_X             ; 0.06 mW (0.06 mW)                    ; 0.06 mW (0.06 mW)                         ; --                             ; |univ|MEM_IO:\GEN_MEM_IO:40:MEM_IO_X             ;
;     |MEM_IO:\GEN_MEM_IO:41:MEM_IO_X             ; 0.06 mW (0.06 mW)                    ; 0.06 mW (0.06 mW)                         ; --                             ; |univ|MEM_IO:\GEN_MEM_IO:41:MEM_IO_X             ;
;     |MEM_IO:\GEN_MEM_IO:42:MEM_IO_X             ; 0.06 mW (0.06 mW)                    ; 0.06 mW (0.06 mW)                         ; --                             ; |univ|MEM_IO:\GEN_MEM_IO:42:MEM_IO_X             ;
;     |MEM_IO:\GEN_MEM_IO:43:MEM_IO_X             ; 0.06 mW (0.06 mW)                    ; 0.06 mW (0.06 mW)                         ; --                             ; |univ|MEM_IO:\GEN_MEM_IO:43:MEM_IO_X             ;
;     |MEM_IO:\GEN_MEM_IO:44:MEM_IO_X             ; 0.06 mW (0.06 mW)                    ; 0.06 mW (0.06 mW)                         ; --                             ; |univ|MEM_IO:\GEN_MEM_IO:44:MEM_IO_X             ;
;     |MEM_IO:\GEN_MEM_IO:45:MEM_IO_X             ; 0.06 mW (0.06 mW)                    ; 0.06 mW (0.06 mW)                         ; --                             ; |univ|MEM_IO:\GEN_MEM_IO:45:MEM_IO_X             ;
;     |MEM_IO:\GEN_MEM_IO:46:MEM_IO_X             ; 0.06 mW (0.06 mW)                    ; 0.06 mW (0.06 mW)                         ; --                             ; |univ|MEM_IO:\GEN_MEM_IO:46:MEM_IO_X             ;
;     |MEM_IO:\GEN_MEM_IO:47:MEM_IO_X             ; 0.06 mW (0.06 mW)                    ; 0.06 mW (0.06 mW)                         ; --                             ; |univ|MEM_IO:\GEN_MEM_IO:47:MEM_IO_X             ;
;     |RDY_FX_IO:\GEN_RDY_FX_IO:0:RDY_FX_IO_X     ; 0.09 mW (0.09 mW)                    ; 0.09 mW (0.09 mW)                         ; --                             ; |univ|RDY_FX_IO:\GEN_RDY_FX_IO:0:RDY_FX_IO_X     ;
;     |RDY_FX_IO:\GEN_RDY_FX_IO:1:RDY_FX_IO_X     ; 0.09 mW (0.09 mW)                    ; 0.09 mW (0.09 mW)                         ; --                             ; |univ|RDY_FX_IO:\GEN_RDY_FX_IO:1:RDY_FX_IO_X     ;
;     |hard_block:auto_generated_inst             ; 0.00 mW (0.00 mW)                    ; 0.00 mW (0.00 mW)                         ; --                             ; |univ|hard_block:auto_generated_inst             ;
+-------------------------------------------------+--------------------------------------+-------------------------------------------+--------------------------------+--------------------------------------------------+
(1) Value in parentheses is the power consumed at that level of hierarchy. Value not in parentheses is the power consumed at that level of hierarchy plus the power consumed by all levels of hierarchy below it.

(2) The "Block Thermal Static Power" for all levels of hierarchy except the top-level hierarchy is part of the "Core Static Thermal Power Dissipation" value found on the PowerPlay Power Analyzer-->Summary report panel. The "Core Static Thermal Power Dissipation" also contains the thermal static power dissipated by the routing.


+-----------------------------------------------------------------+
; Core Dynamic Thermal Power Dissipation by Clock Domain          ;
+--------------+-----------------------+--------------------------+
; Clock Domain ; Clock Frequency (MHz) ; Total Core Dynamic Power ;
+--------------+-----------------------+--------------------------+
; reg_wr       ; 17.24                 ; 4.96                     ;
+--------------+-----------------------+--------------------------+


+-----------------------------------------------------------------------------------------------------------------------------------------------------+
; Confidence Metric Details                                                                                                                           ;
+----------------------------------------------------------------------------------------+---------------+-------------+--------------+---------------+
; Data Source                                                                            ; Total         ; Pin         ; Registered   ; Combinational ;
+----------------------------------------------------------------------------------------+---------------+-------------+--------------+---------------+
; Simulation (from file)                                                                 ;               ;             ;              ;               ;
;     -- Number of signals with Toggle Rate from Simulation                              ; 0 (0.0%)      ; 0 (0.0%)    ; 0 (0.0%)     ; 0 (0.0%)      ;
;     -- Number of signals with Static Probability from Simulation                       ; 0 (0.0%)      ; 0 (0.0%)    ; 0 (0.0%)     ; 0 (0.0%)      ;
;                                                                                        ;               ;             ;              ;               ;
; Node, entity or clock assignment                                                       ;               ;             ;              ;               ;
;     -- Number of signals with Toggle Rate from Node, entity or clock assignment        ; 1 (0.0%)      ; 1 (0.6%)    ; 0 (0.0%)     ; 0 (0.0%)      ;
;     -- Number of signals with Static Probability from Node, entity or clock assignment ; 1 (0.0%)      ; 1 (0.6%)    ; 0 (0.0%)     ; 0 (0.0%)      ;
;                                                                                        ;               ;             ;              ;               ;
; Vectorless estimation                                                                  ;               ;             ;              ;               ;
;     -- Number of signals with Toggle Rate from Vectorless estimation                   ; 0 (0.0%)      ; 0 (0.0%)    ; 0 (0.0%)     ; 0 (0.0%)      ;
;     -- Number of signals with Static Probability from Vectorless estimation            ; 0 (0.0%)      ; 0 (0.0%)    ; 0 (0.0%)     ; 0 (0.0%)      ;
;                                                                                        ;               ;             ;              ;               ;
; Default assignment                                                                     ;               ;             ;              ;               ;
;     -- Number of signals with Toggle Rate from Default assignment                      ; 2226 (99.1%)  ; 142 (87.7%) ; 348 (100.0%) ; 1736 (100.0%) ;
;     -- Number of signals with Static Probability from Default assignment               ; 2245 (100.0%) ; 161 (99.4%) ; 348 (100.0%) ; 1736 (100.0%) ;
;                                                                                        ;               ;             ;              ;               ;
; Assumed 0                                                                              ;               ;             ;              ;               ;
;     -- Number of signals with Toggle Rate assumed 0                                    ; 19 (0.8%)     ; 19 (11.7%)  ; 0 (0.0%)     ; 0 (0.0%)      ;
+----------------------------------------------------------------------------------------+---------------+-------------+--------------+---------------+


+---------------------------------------------------------------------------------------------------------------------------------------------+
; Signal Activities                                                                                                                           ;
+--------+------+---------------------------------------------+-------------------------+--------------------+--------------------------------+
; Signal ; Type ; Toggle Rate (millions of transitions / sec) ; Toggle Rate Data Source ; Static Probability ; Static Probability Data Source ;
+--------+------+---------------------------------------------+-------------------------+--------------------+--------------------------------+
(1) The "Signal Activity" Table has been hidden. To show this table, please select the "Write signal activities to report file" option under "PowerPlay Power Analyzer Settings".


+-----------------------------------+
; PowerPlay Power Analyzer Messages ;
+-----------------------------------+
Info: *******************************************************************
Info: Running Quartus II PowerPlay Power Analyzer
    Info: Version 11.0 Build 208 07/03/2011 Service Pack 1 SJ Web Edition
    Info: Processing started: Wed Nov  9 19:52:22 2016
Info: Command: quartus_pow --read_settings_files=off --write_settings_files=off Universal -c Universal
Info: Reading SDC File: 'univ.out.sdc'
Warning: Relative toggle rates could not be calculated because no clock domain could be identified for some nodes
Info: Average toggle rate for this design is 2.151 millions of transitions / sec
Info: Total thermal power estimate for the design is 112.94 mW
Info: Quartus II PowerPlay Power Analyzer was successful. 0 errors, 1 warning
    Info: Peak virtual memory: 241 megabytes
    Info: Processing ended: Wed Nov  9 19:52:23 2016
    Info: Elapsed time: 00:00:01
    Info: Total CPU time (on all processors): 00:00:01


