EDA Netlist Writer report for Universal
Fri May 19 23:03:18 2017
Quartus II Version 11.0 Build 208 07/03/2011 Service Pack 1 SJ Web Edition


---------------------
; Table of Contents ;
---------------------
  1. Legal Notice
  2. EDA Netlist Writer Summary
  3. Simulation Settings
  4. Simulation Generated Files
  5. Timing Analysis Settings
  6. Timing Analysis Generated Files
  7. EDA Netlist Writer Messages



----------------
; Legal Notice ;
----------------
Copyright (C) 1991-2011 Altera Corporation
Your use of Altera Corporation's design tools, logic functions 
and other software and tools, and its AMPP partner logic 
functions, and any output files from any of the foregoing 
(including device programming or simulation files), and any 
associated documentation or information are expressly subject 
to the terms and conditions of the Altera Program License 
Subscription Agreement, Altera MegaCore Function License 
Agreement, or other applicable license agreement, including, 
without limitation, that your use is for the sole purpose of 
programming logic devices manufactured by Altera and sold by 
Altera or its authorized distributors.  Please refer to the 
applicable agreement for further details.



+------------------------------------------------------------------------+
; EDA Netlist Writer Summary                                             ;
+--------------------------------+---------------------------------------+
; EDA Netlist Writer Status      ; Successful - Fri May 19 23:03:18 2017 ;
; Revision Name                  ; Universal                             ;
; Top-level Entity Name          ; univ                                  ;
; Family                         ; Cyclone                               ;
; Simulation Files Creation      ; Successful                            ;
; Timing Analysis Files Creation ; Successful                            ;
+--------------------------------+---------------------------------------+


+----------------------------------------------------------------------------------------------------------------------------+
; Simulation Settings                                                                                                        ;
+---------------------------------------------------------------------------------------------------+------------------------+
; Option                                                                                            ; Setting                ;
+---------------------------------------------------------------------------------------------------+------------------------+
; Tool Name                                                                                         ; ModelSim-Altera (VHDL) ;
; Generate netlist for functional simulation only                                                   ; Off                    ;
; Time scale                                                                                        ; 1 ps                   ;
; Truncate long hierarchy paths                                                                     ; Off                    ;
; Map illegal HDL characters                                                                        ; Off                    ;
; Flatten buses into individual nodes                                                               ; Off                    ;
; Maintain hierarchy                                                                                ; Off                    ;
; Bring out device-wide set/reset signals as ports                                                  ; Off                    ;
; Enable glitch filtering                                                                           ; Off                    ;
; Do not write top level VHDL entity                                                                ; Off                    ;
; Disable detection of setup and hold time violations in the input registers of bi-directional pins ; Off                    ;
; Architecture name in VHDL output netlist                                                          ; structure              ;
; Generate third-party EDA tool command script for RTL functional simulation                        ; Off                    ;
; Generate third-party EDA tool command script for gate-level simulation                            ; Off                    ;
+---------------------------------------------------------------------------------------------------+------------------------+


+------------------------------------------------------------------------------------------------------+
; Simulation Generated Files                                                                           ;
+------------------------------------------------------------------------------------------------------+
; Generated Files                                                                                      ;
+------------------------------------------------------------------------------------------------------+
; /home/wojtek/Dropbox/Elektronika/NVMemProg/fpga/Universal/simulation/modelsim/Universal.vho          ;
; /home/wojtek/Dropbox/Elektronika/NVMemProg/fpga/Universal/simulation/modelsim/Universal_fast.vho     ;
; /home/wojtek/Dropbox/Elektronika/NVMemProg/fpga/Universal/simulation/modelsim/Universal_vhd.sdo      ;
; /home/wojtek/Dropbox/Elektronika/NVMemProg/fpga/Universal/simulation/modelsim/Universal_vhd_fast.sdo ;
+------------------------------------------------------------------------------------------------------+


+-----------------------------------------------------------+
; Timing Analysis Settings                                  ;
+-------------------------------------+---------------------+
; Option                              ; Setting             ;
+-------------------------------------+---------------------+
; Tool Name                           ; PrimeTime (Verilog) ;
; Time scale                          ; 1 ps                ;
; Truncate long hierarchy paths       ; Off                 ;
; Map illegal HDL characters          ; Off                 ;
; Flatten buses into individual nodes ; Off                 ;
+-------------------------------------+---------------------+


+-----------------------------------------------------------------------------------------------+
; Timing Analysis Generated Files                                                               ;
+-----------------------------------------------------------------------------------------------+
; Generated Files                                                                               ;
+-----------------------------------------------------------------------------------------------+
; /home/wojtek/Dropbox/Elektronika/NVMemProg/fpga/Universal/timing/primetime/Universal.vo       ;
; /home/wojtek/Dropbox/Elektronika/NVMemProg/fpga/Universal/timing/primetime/Universal_v.sdo    ;
; /home/wojtek/Dropbox/Elektronika/NVMemProg/fpga/Universal/timing/primetime/Universal_pt_v.tcl ;
+-----------------------------------------------------------------------------------------------+


+-----------------------------+
; EDA Netlist Writer Messages ;
+-----------------------------+
Info: *******************************************************************
Info: Running Quartus II EDA Netlist Writer
    Info: Version 11.0 Build 208 07/03/2011 Service Pack 1 SJ Web Edition
    Info: Processing started: Fri May 19 23:03:14 2017
Info: Command: quartus_eda --read_settings_files=off --write_settings_files=off Universal -c Universal
Info: Generated simulation netlist will be non-hierarchical because the design has SignalTap II partitions, termination control logic and/or a design partition that contains bidirectional ports
Info: Generated files "Universal.vho", "Universal_fast.vho", "Universal_vhd.sdo" and "Universal_vhd_fast.sdo" in directory "/home/wojtek/Dropbox/Elektronika/NVMemProg/fpga/Universal/simulation/modelsim/" for EDA simulation tool
Info: Generated files "Universal.vo" and "Universal_v.sdo" in directory "/home/wojtek/Dropbox/Elektronika/NVMemProg/fpga/Universal/timing/primetime/" for EDA timing analysis tool
Warning: Expected ENABLE_CLOCK_LATENCY to be set to ON but is set to OFF
Info: Generated PrimeTime Tcl script file /home/wojtek/Dropbox/Elektronika/NVMemProg/fpga/Universal/timing/primetime/Universal_pt_v.tcl
Info: Quartus II EDA Netlist Writer was successful. 0 errors, 1 warning
    Info: Peak virtual memory: 247 megabytes
    Info: Processing ended: Fri May 19 23:03:18 2017
    Info: Elapsed time: 00:00:04
    Info: Total CPU time (on all processors): 00:00:04


